This is pdfTeX, Version 3.14159265-2.6-1.40.15 (TeX Live 2014) (preloaded format=pdflatex 2014.12.15)  26 JAN 2015 04:50
entering extended mode
 restricted \write18 enabled.
 file:line:error style messages enabled.
 %&-line parsing enabled.
**/Users/thi/sit/langproc/pl0d/pdf/asign/03/report03.tex
(/Users/thi/sit/langproc/pl0d/pdf/asign/03/report03.tex
LaTeX2e <2014/05/01>
Babel <3.9k> and hyphenation patterns for 78 languages loaded.
(/usr/local/texlive/2014/texmf-dist/tex/latex/base/article.cls
Document Class: article 2007/10/19 v1.4h Standard LaTeX document class
(/usr/local/texlive/2014/texmf-dist/tex/latex/base/size10.clo
File: size10.clo 2007/10/19 v1.4h Standard LaTeX file (size option)
)
\c@part=\count79
\c@section=\count80
\c@subsection=\count81
\c@subsubsection=\count82
\c@paragraph=\count83
\c@subparagraph=\count84
\c@figure=\count85
\c@table=\count86
\abovecaptionskip=\skip41
\belowcaptionskip=\skip42
\bibindent=\dimen102
)
(/usr/local/texlive/2014/texmf-dist/tex/latex/graphics/graphicx.sty
Package: graphicx 2014/04/25 v1.0g Enhanced LaTeX Graphics (DPC,SPQR)

(/usr/local/texlive/2014/texmf-dist/tex/latex/graphics/keyval.sty
Package: keyval 2014/05/08 v1.15 key=value parser (DPC)
\KV@toks@=\toks14
)
(/usr/local/texlive/2014/texmf-dist/tex/latex/graphics/graphics.sty
Package: graphics 2009/02/05 v1.0o Standard LaTeX Graphics (DPC,SPQR)

(/usr/local/texlive/2014/texmf-dist/tex/latex/graphics/trig.sty
Package: trig 1999/03/16 v1.09 sin cos tan (DPC)
)
(/usr/local/texlive/2014/texmf-dist/tex/latex/latexconfig/graphics.cfg
File: graphics.cfg 2010/04/23 v1.9 graphics configuration of TeX Live
)
Package graphics Info: Driver file: pdftex.def on input line 91.

(/usr/local/texlive/2014/texmf-dist/tex/latex/pdftex-def/pdftex.def
File: pdftex.def 2011/05/27 v0.06d Graphics/color for pdfTeX

(/usr/local/texlive/2014/texmf-dist/tex/generic/oberdiek/infwarerr.sty
Package: infwarerr 2010/04/08 v1.3 Providing info/warning/error messages (HO)
)
(/usr/local/texlive/2014/texmf-dist/tex/generic/oberdiek/ltxcmds.sty
Package: ltxcmds 2011/11/09 v1.22 LaTeX kernel commands for general use (HO)
)
\Gread@gobject=\count87
))
\Gin@req@height=\dimen103
\Gin@req@width=\dimen104
)
(./report03.aux)
\openout1 = `report03.aux'.

LaTeX Font Info:    Checking defaults for OML/cmm/m/it on input line 20.
LaTeX Font Info:    ... okay on input line 20.
LaTeX Font Info:    Checking defaults for T1/cmr/m/n on input line 20.
LaTeX Font Info:    ... okay on input line 20.
LaTeX Font Info:    Checking defaults for OT1/cmr/m/n on input line 20.
LaTeX Font Info:    ... okay on input line 20.
LaTeX Font Info:    Checking defaults for OMS/cmsy/m/n on input line 20.
LaTeX Font Info:    ... okay on input line 20.
LaTeX Font Info:    Checking defaults for OMX/cmex/m/n on input line 20.
LaTeX Font Info:    ... okay on input line 20.
LaTeX Font Info:    Checking defaults for U/cmr/m/n on input line 20.
LaTeX Font Info:    ... okay on input line 20.

(/usr/local/texlive/2014/texmf-dist/tex/context/base/supp-pdf.mkii
[Loading MPS to PDF converter (version 2006.09.02).]
\scratchcounter=\count88
\scratchdimen=\dimen105
\scratchbox=\box26
\nofMPsegments=\count89
\nofMParguments=\count90
\everyMPshowfont=\toks15
\MPscratchCnt=\count91
\MPscratchDim=\dimen106
\MPnumerator=\count92
\makeMPintoPDFobject=\count93
\everyMPtoPDFconversion=\toks16
) (/usr/local/texlive/2014/texmf-dist/tex/generic/oberdiek/pdftexcmds.sty
Package: pdftexcmds 2011/11/29 v0.20 Utility functions of pdfTeX for LuaTeX (HO
)

(/usr/local/texlive/2014/texmf-dist/tex/generic/oberdiek/ifluatex.sty
Package: ifluatex 2010/03/01 v1.3 Provides the ifluatex switch (HO)
Package ifluatex Info: LuaTeX not detected.
)
(/usr/local/texlive/2014/texmf-dist/tex/generic/oberdiek/ifpdf.sty
Package: ifpdf 2011/01/30 v2.3 Provides the ifpdf switch (HO)
Package ifpdf Info: pdfTeX in PDF mode is detected.
)
Package pdftexcmds Info: LuaTeX not detected.
Package pdftexcmds Info: \pdf@primitive is available.
Package pdftexcmds Info: \pdf@ifprimitive is available.
Package pdftexcmds Info: \pdfdraftmode found.
)
(/usr/local/texlive/2014/texmf-dist/tex/latex/oberdiek/epstopdf-base.sty
Package: epstopdf-base 2010/02/09 v2.5 Base part for package epstopdf

(/usr/local/texlive/2014/texmf-dist/tex/latex/oberdiek/grfext.sty
Package: grfext 2010/08/19 v1.1 Manage graphics extensions (HO)

(/usr/local/texlive/2014/texmf-dist/tex/generic/oberdiek/kvdefinekeys.sty
Package: kvdefinekeys 2011/04/07 v1.3 Define keys (HO)
))
(/usr/local/texlive/2014/texmf-dist/tex/latex/oberdiek/kvoptions.sty
Package: kvoptions 2011/06/30 v3.11 Key value format for package options (HO)

(/usr/local/texlive/2014/texmf-dist/tex/generic/oberdiek/kvsetkeys.sty
Package: kvsetkeys 2012/04/25 v1.16 Key value parser (HO)

(/usr/local/texlive/2014/texmf-dist/tex/generic/oberdiek/etexcmds.sty
Package: etexcmds 2011/02/16 v1.5 Avoid name clashes with e-TeX commands (HO)
Package etexcmds Info: Could not find \expanded.
(etexcmds)             That can mean that you are not using pdfTeX 1.50 or
(etexcmds)             that some package has redefined \expanded.
(etexcmds)             In the latter case, load this package earlier.
)))
Package grfext Info: Graphics extension search list:
(grfext)             [.png,.pdf,.jpg,.mps,.jpeg,.jbig2,.jb2,.PNG,.PDF,.JPG,.JPE
G,.JBIG2,.JB2,.eps]
(grfext)             \AppendGraphicsExtensions on input line 452.

(/usr/local/texlive/2014/texmf-dist/tex/latex/latexconfig/epstopdf-sys.cfg
File: epstopdf-sys.cfg 2010/07/13 v1.3 Configuration of (r)epstopdf for TeX Liv
e
))
LaTeX Font Info:    External font `cmex10' loaded for size
(Font)              <12> on input line 22.
LaTeX Font Info:    External font `cmex10' loaded for size
(Font)              <8> on input line 22.
LaTeX Font Info:    External font `cmex10' loaded for size
(Font)              <6> on input line 22.
LaTeX Font Info:    External font `cmex10' loaded for size
(Font)              <7> on input line 38.
LaTeX Font Info:    External font `cmex10' loaded for size
(Font)              <5> on input line 38.

Underfull \hbox (badness 10000) in paragraph at lines 47--49

 []

<./img/Q1-1.png, id=1, 1370.11874pt x 145.54375pt>
File: ./img/Q1-1.png Graphic file (type png)
 <use ./img/Q1-1.png>
Package pdftex.def Info: ./img/Q1-1.png used on input line 53.
(pdftex.def)             Requested size: 479.54875pt x 50.94107pt.

Overfull \hbox (134.54875pt too wide) in paragraph at lines 53--55
 [][] 
 []

[1

{/usr/local/texlive/2014/texmf-var/fonts/map/pdftex/updmap/pdftex.map} <./img/Q
1-1.png>] <./img/Q1-2.png, id=17, 1371.1225pt x 291.0875pt>
File: ./img/Q1-2.png Graphic file (type png)

<use ./img/Q1-2.png>
Package pdftex.def Info: ./img/Q1-2.png used on input line 84.
(pdftex.def)             Requested size: 479.90007pt x 101.88214pt.

Overfull \hbox (134.90007pt too wide) in paragraph at lines 84--86
 [][] 
 []


LaTeX Warning: `h' float specifier changed to `ht'.

<./img/Q1-3.png, id=18, 1371.1225pt x 325.215pt>
File: ./img/Q1-3.png Graphic file (type png)
 <use ./img/Q1-3.png>
Package pdftex.def Info: ./img/Q1-3.png used on input line 117.
(pdftex.def)             Requested size: 479.90007pt x 113.82695pt.

Overfull \hbox (134.90007pt too wide) in paragraph at lines 117--119
 [][] 
 []


LaTeX Warning: `h' float specifier changed to `ht'.

[2 <./img/Q1-2.png>]
Underfull \hbox (badness 10000) in paragraph at lines 143--145

 []


LaTeX Warning: `h' float specifier changed to `ht'.


Underfull \hbox (badness 10000) in paragraph at lines 162--165

 []

[3 <./img/Q1-3.png>] <./img/Q2-2.png, id=27, 1371.1225pt x 87.32625pt>
File: ./img/Q2-2.png Graphic file (type png)

<use ./img/Q2-2.png>
Package pdftex.def Info: ./img/Q2-2.png used on input line 170.
(pdftex.def)             Requested size: 479.90007pt x 30.56464pt.

Overfull \hbox (134.90007pt too wide) in paragraph at lines 170--172
 [][] 
 []


Underfull \hbox (badness 10000) in paragraph at lines 181--183

 []

<./img/Q2-3.png, id=28, 1371.1225pt x 31.11626pt>
File: ./img/Q2-3.png Graphic file (type png)
 <use ./img/Q2-3.png>
Package pdftex.def Info: ./img/Q2-3.png used on input line 188.
(pdftex.def)             Requested size: 479.90007pt x 10.89084pt.

Overfull \hbox (134.90007pt too wide) in paragraph at lines 188--190
 [][] 
 []

<./img/Q2-4.png, id=29, 1371.1225pt x 233.87375pt>
File: ./img/Q2-4.png Graphic file (type png)
 <use ./img/Q2-4.png>
Package pdftex.def Info: ./img/Q2-4.png used on input line 206.
(pdftex.def)             Requested size: 479.90007pt x 81.85703pt.

Overfull \hbox (134.90007pt too wide) in paragraph at lines 206--208
 [][] 
 []


LaTeX Warning: `h' float specifier changed to `ht'.

[4 <./img/Q2-2.png> <./img/Q2-3.png>]
<./img/Q2-5.png, id=35, 1371.1225pt x 326.21875pt>
File: ./img/Q2-5.png Graphic file (type png)
 <use ./img/Q2-5.png>
Package pdftex.def Info: ./img/Q2-5.png used on input line 239.
(pdftex.def)             Requested size: 479.90007pt x 114.17827pt.

Overfull \hbox (134.90007pt too wide) in paragraph at lines 239--241
 [][] 
 []


LaTeX Warning: `h' float specifier changed to `ht'.

[5 <./img/Q2-4.png>]
Overfull \hbox (17.49112pt too wide) in paragraph at lines 262--264
[]\OT1/cmr/m/n/10 If the value of \OT1/cmr/m/it/10 con-di-tion \OT1/cmr/m/n/10 
is false and $[][]$ ex-ists, ex-e-cute $[][]$. 
 []

LaTeX Font Info:    Try loading font information for OMS+cmr on input line 268.

(/usr/local/texlive/2014/texmf-dist/tex/latex/base/omscmr.fd
File: omscmr.fd 1999/05/25 v2.5h Standard LaTeX font definitions
)
LaTeX Font Info:    Font shape `OMS/cmr/m/n' in size <10> not available
(Font)              Font shape `OMS/cmsy/m/n' tried instead on input line 268.

Overfull \hbox (2.99216pt too wide) in paragraph at lines 275--279
\OT1/cmr/m/n/10 Write ob-ject codes for a state-ment '\OT1/cmr/bx/n/10 if \OT1/
cmr/m/it/10 con-di-tion \OT1/cmr/bx/n/10 then $[][]$ else $[][]$\OT1/cmr/m/n/10
 '
 []


Underfull \hbox (badness 10000) in paragraph at lines 298--301

 []

[6 <./img/Q2-5.png>] <./img/Q3-2.png, id=46, 1371.1225pt x 31.11626pt>
File: ./img/Q3-2.png Graphic file (type png)

<use ./img/Q3-2.png>
Package pdftex.def Info: ./img/Q3-2.png used on input line 306.
(pdftex.def)             Requested size: 479.90007pt x 10.89084pt.

Overfull \hbox (134.90007pt too wide) in paragraph at lines 306--308
 [][] 
 []


Underfull \hbox (badness 10000) in paragraph at lines 315--318

 []

<./img/Q3-3.png, id=47, 1371.1225pt x 409.53pt>
File: ./img/Q3-3.png Graphic file (type png)
 <use ./img/Q3-3.png>
Package pdftex.def Info: ./img/Q3-3.png used on input line 323.
(pdftex.def)             Requested size: 479.90007pt x 143.33765pt.

Overfull \hbox (134.90007pt too wide) in paragraph at lines 323--325
 [][] 
 []

[7 <./img/Q3-2.png> <./img/Q3-3.png>]
<./img/Q3-4.png, id=54, 1371.1225pt x 325.215pt>
File: ./img/Q3-4.png Graphic file (type png)
 <use ./img/Q3-4.png>
Package pdftex.def Info: ./img/Q3-4.png used on input line 357.
(pdftex.def)             Requested size: 479.90007pt x 113.82695pt.

Overfull \hbox (134.90007pt too wide) in paragraph at lines 357--359
 [][] 
 []

[8 <./img/Q3-4.png>]
Underfull \hbox (badness 10000) in paragraph at lines 373--374

 []


Underfull \hbox (badness 10000) in paragraph at lines 376--379

 []


Underfull \hbox (badness 10000) in paragraph at lines 381--383

 []


Underfull \hbox (badness 10000) in paragraph at lines 386--392

 []


Underfull \hbox (badness 10000) in paragraph at lines 395--397

 []


Underfull \hbox (badness 10000) in paragraph at lines 399--400

 []

[9] <./img/Q4-3-1.png, id=62, 1371.1225pt x 88.33pt>
File: ./img/Q4-3-1.png Graphic file (type png)
 <use ./img/Q4-3-1.png>
Package pdftex.def Info: ./img/Q4-3-1.png used on input line 402.
(pdftex.def)             Requested size: 479.90007pt x 30.91595pt.

Overfull \hbox (134.90007pt too wide) in paragraph at lines 402--404
 [][] 
 []

<./img/Q4-3-2.png, id=63, 1371.1225pt x 465.74pt>
File: ./img/Q4-3-2.png Graphic file (type png)
 <use ./img/Q4-3-2.png>
Package pdftex.def Info: ./img/Q4-3-2.png used on input line 409.
(pdftex.def)             Requested size: 479.90007pt x 163.01143pt.

Overfull \hbox (134.90007pt too wide) in paragraph at lines 409--411
 [][] 
 []


Underfull \hbox (badness 10000) in paragraph at lines 415--416

 []

<./img/Q4-3-3.png, id=64, 1371.1225pt x 204.765pt>
File: ./img/Q4-3-3.png Graphic file (type png)
 <use ./img/Q4-3-3.png>
Package pdftex.def Info: ./img/Q4-3-3.png used on input line 418.
(pdftex.def)             Requested size: 479.90007pt x 71.66881pt.

Overfull \hbox (134.90007pt too wide) in paragraph at lines 418--420
 [][] 
 []


Underfull \hbox (badness 10000) in paragraph at lines 424--425

 []

[10 <./img/Q4-3-1.png> <./img/Q4-3-2.png> <./img/Q4-3-3.png>]
<./img/Q4-3-4.png, id=71, 1371.1225pt x 613.29124pt>
File: ./img/Q4-3-4.png Graphic file (type png)
 <use ./img/Q4-3-4.png>
Package pdftex.def Info: ./img/Q4-3-4.png used on input line 427.
(pdftex.def)             Requested size: 479.90007pt x 214.65514pt.

Overfull \hbox (134.90007pt too wide) in paragraph at lines 427--429
 [][] 
 []


Underfull \hbox (badness 10000) in paragraph at lines 433--434

 []

<./img/Q4-3-5.png, id=72, 1371.1225pt x 496.85625pt>
File: ./img/Q4-3-5.png Graphic file (type png)
 <use ./img/Q4-3-5.png>
Package pdftex.def Info: ./img/Q4-3-5.png used on input line 436.
(pdftex.def)             Requested size: 479.90007pt x 173.90228pt.

Overfull \hbox (134.90007pt too wide) in paragraph at lines 436--438
 [][] 
 []


LaTeX Warning: `h' float specifier changed to `ht'.


Underfull \hbox (badness 10000) in paragraph at lines 442--443

 []

<./img/Q4-3-6.png, id=73, 1371.1225pt x 496.85625pt>
File: ./img/Q4-3-6.png Graphic file (type png)
 <use ./img/Q4-3-6.png>
Package pdftex.def Info: ./img/Q4-3-6.png used on input line 445.
(pdftex.def)             Requested size: 479.90007pt x 173.90228pt.

Overfull \hbox (134.90007pt too wide) in paragraph at lines 445--447
 [][] 
 []


LaTeX Warning: `h' float specifier changed to `ht'.


Underfull \hbox (badness 10000) in paragraph at lines 451--452

 []

<./img/Q4-3-7.png, id=74, 1371.1225pt x 205.76875pt>
File: ./img/Q4-3-7.png Graphic file (type png)
 <use ./img/Q4-3-7.png>
Package pdftex.def Info: ./img/Q4-3-7.png used on input line 454.
(pdftex.def)             Requested size: 479.90007pt x 72.02013pt.

Overfull \hbox (134.90007pt too wide) in paragraph at lines 454--456
 [][] 
 []


LaTeX Warning: `h' float specifier changed to `ht'.

[11 <./img/Q4-3-4.png>] [12 <./img/Q4-3-5.png> <./img/Q4-3-6.png> <./img/Q4-3-7
.png>] <./img/Q4-4.png, id=85, 1371.1225pt x 322.20375pt>
File: ./img/Q4-4.png Graphic file (type png)
 <use ./img/Q4-4.png>
Package pdftex.def Info: ./img/Q4-4.png used on input line 475.
(pdftex.def)             Requested size: 479.90007pt x 112.773pt.

Overfull \hbox (134.90007pt too wide) in paragraph at lines 475--477
 [][] 
 []

[13

 <./img/Q4-4.png>]
Underfull \hbox (badness 10000) in paragraph at lines 508--511

 []


Underfull \hbox (badness 10000) in paragraph at lines 520--523

 []

[14]
Underfull \hbox (badness 10000) in paragraph at lines 532--535

 []

[15] (./report03.aux) ) 
Here is how much of TeX's memory you used:
 1630 strings out of 493117
 23761 string characters out of 6135432
 82208 words of memory out of 5000000
 5077 multiletter control sequences out of 15000+600000
 9107 words of font info for 32 fonts, out of 8000000 for 9000
 1141 hyphenation exceptions out of 8191
 37i,7n,23p,439b,213s stack positions out of 5000i,500n,10000p,200000b,80000s
</usr/local/texlive/2014/texmf-dist/fonts/type1/public/a
msfonts/cm/cmbx10.pfb></usr/local/texlive/2014/texmf-dist/fonts/type1/public/am
sfonts/cm/cmbx12.pfb></usr/local/texlive/2014/texmf-dist/fonts/type1/public/ams
fonts/cm/cmmi10.pfb></usr/local/texlive/2014/texmf-dist/fonts/type1/public/amsf
onts/cm/cmmi7.pfb></usr/local/texlive/2014/texmf-dist/fonts/type1/public/amsfon
ts/cm/cmr10.pfb></usr/local/texlive/2014/texmf-dist/fonts/type1/public/amsfonts
/cm/cmr12.pfb></usr/local/texlive/2014/texmf-dist/fonts/type1/public/amsfonts/c
m/cmr17.pfb></usr/local/texlive/2014/texmf-dist/fonts/type1/public/amsfonts/cm/
cmr7.pfb></usr/local/texlive/2014/texmf-dist/fonts/type1/public/amsfonts/cm/cms
y10.pfb></usr/local/texlive/2014/texmf-dist/fonts/type1/public/amsfonts/cm/cmti
10.pfb></usr/local/texlive/2014/texmf-dist/fonts/type1/public/amsfonts/cm/cmtt1
0.pfb>
Output written on report03.pdf (15 pages, 828364 bytes).
PDF statistics:
 134 PDF objects out of 1000 (max. 8388607)
 69 compressed objects within 1 object stream
 0 named destinations out of 1000 (max. 500000)
 91 words of extra memory for PDF output out of 10000 (max. 10000000)

